Start testing: Jun 28 23:57 CEST
----------------------------------------------------------
1/14 Testing: AFM2D.ProducesTriangles
1/14 Test: AFM2D.ProducesTriangles
Command: "/Users/kab/Projects/Portfolio/cross_platform_signal/build-mesh/test_mesh_engine" "--gtest_filter=AFM2D.ProducesTriangles" "--gtest_also_run_disabled_tests"
Directory: /Users/kab/Projects/Portfolio/cross_platform_signal/build-mesh
"AFM2D.ProducesTriangles" start time: Jun 28 23:57 CEST
Output:
----------------------------------------------------------
Running main() from /Users/kab/Projects/Portfolio/cross_platform_signal/build-mesh/_deps/googletest-src/googletest/src/gtest_main.cc
Note: Google Test filter = AFM2D.ProducesTriangles
[==========] Running 1 test from 1 test suite.
[----------] Global test environment set-up.
[----------] 1 test from AFM2D
[ RUN      ] AFM2D.ProducesTriangles
[       OK ] AFM2D.ProducesTriangles (0 ms)
[----------] 1 test from AFM2D (0 ms total)

[----------] Global test environment tear-down
[==========] 1 test from 1 test suite ran. (0 ms total)
[  PASSED  ] 1 test.
<end of output>
Test time =   0.00 sec
----------------------------------------------------------
Test Passed.
"AFM2D.ProducesTriangles" end time: Jun 28 23:57 CEST
"AFM2D.ProducesTriangles" time elapsed: 00:00:00
----------------------------------------------------------

2/14 Testing: AFM2D.BoundaryNodesPreserved
2/14 Test: AFM2D.BoundaryNodesPreserved
Command: "/Users/kab/Projects/Portfolio/cross_platform_signal/build-mesh/test_mesh_engine" "--gtest_filter=AFM2D.BoundaryNodesPreserved" "--gtest_also_run_disabled_tests"
Directory: /Users/kab/Projects/Portfolio/cross_platform_signal/build-mesh
"AFM2D.BoundaryNodesPreserved" start time: Jun 28 23:57 CEST
Output:
----------------------------------------------------------
Running main() from /Users/kab/Projects/Portfolio/cross_platform_signal/build-mesh/_deps/googletest-src/googletest/src/gtest_main.cc
Note: Google Test filter = AFM2D.BoundaryNodesPreserved
[==========] Running 1 test from 1 test suite.
[----------] Global test environment set-up.
[----------] 1 test from AFM2D
[ RUN      ] AFM2D.BoundaryNodesPreserved
[       OK ] AFM2D.BoundaryNodesPreserved (0 ms)
[----------] 1 test from AFM2D (0 ms total)

[----------] Global test environment tear-down
[==========] 1 test from 1 test suite ran. (0 ms total)
[  PASSED  ] 1 test.
<end of output>
Test time =   0.00 sec
----------------------------------------------------------
Test Passed.
"AFM2D.BoundaryNodesPreserved" end time: Jun 28 23:57 CEST
"AFM2D.BoundaryNodesPreserved" time elapsed: 00:00:00
----------------------------------------------------------

3/14 Testing: AFM2D.NoInvertedElements
3/14 Test: AFM2D.NoInvertedElements
Command: "/Users/kab/Projects/Portfolio/cross_platform_signal/build-mesh/test_mesh_engine" "--gtest_filter=AFM2D.NoInvertedElements" "--gtest_also_run_disabled_tests"
Directory: /Users/kab/Projects/Portfolio/cross_platform_signal/build-mesh
"AFM2D.NoInvertedElements" start time: Jun 28 23:57 CEST
Output:
----------------------------------------------------------
Running main() from /Users/kab/Projects/Portfolio/cross_platform_signal/build-mesh/_deps/googletest-src/googletest/src/gtest_main.cc
Note: Google Test filter = AFM2D.NoInvertedElements
[==========] Running 1 test from 1 test suite.
[----------] Global test environment set-up.
[----------] 1 test from AFM2D
[ RUN      ] AFM2D.NoInvertedElements
[       OK ] AFM2D.NoInvertedElements (0 ms)
[----------] 1 test from AFM2D (0 ms total)

[----------] Global test environment tear-down
[==========] 1 test from 1 test suite ran. (0 ms total)
[  PASSED  ] 1 test.
<end of output>
Test time =   0.00 sec
----------------------------------------------------------
Test Passed.
"AFM2D.NoInvertedElements" end time: Jun 28 23:57 CEST
"AFM2D.NoInvertedElements" time elapsed: 00:00:00
----------------------------------------------------------

4/14 Testing: AFM2D.TriangleCountScalesWithH
4/14 Test: AFM2D.TriangleCountScalesWithH
Command: "/Users/kab/Projects/Portfolio/cross_platform_signal/build-mesh/test_mesh_engine" "--gtest_filter=AFM2D.TriangleCountScalesWithH" "--gtest_also_run_disabled_tests"
Directory: /Users/kab/Projects/Portfolio/cross_platform_signal/build-mesh
"AFM2D.TriangleCountScalesWithH" start time: Jun 28 23:57 CEST
Output:
----------------------------------------------------------
Running main() from /Users/kab/Projects/Portfolio/cross_platform_signal/build-mesh/_deps/googletest-src/googletest/src/gtest_main.cc
Note: Google Test filter = AFM2D.TriangleCountScalesWithH
[==========] Running 1 test from 1 test suite.
[----------] Global test environment set-up.
[----------] 1 test from AFM2D
[ RUN      ] AFM2D.TriangleCountScalesWithH
[       OK ] AFM2D.TriangleCountScalesWithH (0 ms)
[----------] 1 test from AFM2D (0 ms total)

[----------] Global test environment tear-down
[==========] 1 test from 1 test suite ran. (0 ms total)
[  PASSED  ] 1 test.
<end of output>
Test time =   0.00 sec
----------------------------------------------------------
Test Passed.
"AFM2D.TriangleCountScalesWithH" end time: Jun 28 23:57 CEST
"AFM2D.TriangleCountScalesWithH" time elapsed: 00:00:00
----------------------------------------------------------

5/14 Testing: AFM2D.SnapDeduplication
5/14 Test: AFM2D.SnapDeduplication
Command: "/Users/kab/Projects/Portfolio/cross_platform_signal/build-mesh/test_mesh_engine" "--gtest_filter=AFM2D.SnapDeduplication" "--gtest_also_run_disabled_tests"
Directory: /Users/kab/Projects/Portfolio/cross_platform_signal/build-mesh
"AFM2D.SnapDeduplication" start time: Jun 28 23:57 CEST
Output:
----------------------------------------------------------
Running main() from /Users/kab/Projects/Portfolio/cross_platform_signal/build-mesh/_deps/googletest-src/googletest/src/gtest_main.cc
Note: Google Test filter = AFM2D.SnapDeduplication
[==========] Running 1 test from 1 test suite.
[----------] Global test environment set-up.
[----------] 1 test from AFM2D
[ RUN      ] AFM2D.SnapDeduplication
[       OK ] AFM2D.SnapDeduplication (0 ms)
[----------] 1 test from AFM2D (0 ms total)

[----------] Global test environment tear-down
[==========] 1 test from 1 test suite ran. (0 ms total)
[  PASSED  ] 1 test.
<end of output>
Test time =   0.00 sec
----------------------------------------------------------
Test Passed.
"AFM2D.SnapDeduplication" end time: Jun 28 23:57 CEST
"AFM2D.SnapDeduplication" time elapsed: 00:00:00
----------------------------------------------------------

6/14 Testing: AFM2D.NonEmptyForPolygon
6/14 Test: AFM2D.NonEmptyForPolygon
Command: "/Users/kab/Projects/Portfolio/cross_platform_signal/build-mesh/test_mesh_engine" "--gtest_filter=AFM2D.NonEmptyForPolygon" "--gtest_also_run_disabled_tests"
Directory: /Users/kab/Projects/Portfolio/cross_platform_signal/build-mesh
"AFM2D.NonEmptyForPolygon" start time: Jun 28 23:57 CEST
Output:
----------------------------------------------------------
Running main() from /Users/kab/Projects/Portfolio/cross_platform_signal/build-mesh/_deps/googletest-src/googletest/src/gtest_main.cc
Note: Google Test filter = AFM2D.NonEmptyForPolygon
[==========] Running 1 test from 1 test suite.
[----------] Global test environment set-up.
[----------] 1 test from AFM2D
[ RUN      ] AFM2D.NonEmptyForPolygon
[       OK ] AFM2D.NonEmptyForPolygon (0 ms)
[----------] 1 test from AFM2D (0 ms total)

[----------] Global test environment tear-down
[==========] 1 test from 1 test suite ran. (0 ms total)
[  PASSED  ] 1 test.
<end of output>
Test time =   0.00 sec
----------------------------------------------------------
Test Passed.
"AFM2D.NonEmptyForPolygon" end time: Jun 28 23:57 CEST
"AFM2D.NonEmptyForPolygon" time elapsed: 00:00:00
----------------------------------------------------------

7/14 Testing: Delaunay3D.ProducesTetrahedra
7/14 Test: Delaunay3D.ProducesTetrahedra
Command: "/Users/kab/Projects/Portfolio/cross_platform_signal/build-mesh/test_mesh_engine" "--gtest_filter=Delaunay3D.ProducesTetrahedra" "--gtest_also_run_disabled_tests"
Directory: /Users/kab/Projects/Portfolio/cross_platform_signal/build-mesh
"Delaunay3D.ProducesTetrahedra" start time: Jun 28 23:57 CEST
Output:
----------------------------------------------------------
Running main() from /Users/kab/Projects/Portfolio/cross_platform_signal/build-mesh/_deps/googletest-src/googletest/src/gtest_main.cc
Note: Google Test filter = Delaunay3D.ProducesTetrahedra
[==========] Running 1 test from 1 test suite.
[----------] Global test environment set-up.
[----------] 1 test from Delaunay3D
[ RUN      ] Delaunay3D.ProducesTetrahedra
[       OK ] Delaunay3D.ProducesTetrahedra (0 ms)
[----------] 1 test from Delaunay3D (0 ms total)

[----------] Global test environment tear-down
[==========] 1 test from 1 test suite ran. (0 ms total)
[  PASSED  ] 1 test.
<end of output>
Test time =   0.00 sec
----------------------------------------------------------
Test Passed.
"Delaunay3D.ProducesTetrahedra" end time: Jun 28 23:57 CEST
"Delaunay3D.ProducesTetrahedra" time elapsed: 00:00:00
----------------------------------------------------------

8/14 Testing: Delaunay3D.NoSuperTetVertices
8/14 Test: Delaunay3D.NoSuperTetVertices
Command: "/Users/kab/Projects/Portfolio/cross_platform_signal/build-mesh/test_mesh_engine" "--gtest_filter=Delaunay3D.NoSuperTetVertices" "--gtest_also_run_disabled_tests"
Directory: /Users/kab/Projects/Portfolio/cross_platform_signal/build-mesh
"Delaunay3D.NoSuperTetVertices" start time: Jun 28 23:57 CEST
Output:
----------------------------------------------------------
Running main() from /Users/kab/Projects/Portfolio/cross_platform_signal/build-mesh/_deps/googletest-src/googletest/src/gtest_main.cc
Note: Google Test filter = Delaunay3D.NoSuperTetVertices
[==========] Running 1 test from 1 test suite.
[----------] Global test environment set-up.
[----------] 1 test from Delaunay3D
[ RUN      ] Delaunay3D.NoSuperTetVertices
[       OK ] Delaunay3D.NoSuperTetVertices (0 ms)
[----------] 1 test from Delaunay3D (0 ms total)

[----------] Global test environment tear-down
[==========] 1 test from 1 test suite ran. (0 ms total)
[  PASSED  ] 1 test.
<end of output>
Test time =   0.00 sec
----------------------------------------------------------
Test Passed.
"Delaunay3D.NoSuperTetVertices" end time: Jun 28 23:57 CEST
"Delaunay3D.NoSuperTetVertices" time elapsed: 00:00:00
----------------------------------------------------------

9/14 Testing: Delaunay3D.PositiveVolumeAllTets
9/14 Test: Delaunay3D.PositiveVolumeAllTets
Command: "/Users/kab/Projects/Portfolio/cross_platform_signal/build-mesh/test_mesh_engine" "--gtest_filter=Delaunay3D.PositiveVolumeAllTets" "--gtest_also_run_disabled_tests"
Directory: /Users/kab/Projects/Portfolio/cross_platform_signal/build-mesh
"Delaunay3D.PositiveVolumeAllTets" start time: Jun 28 23:57 CEST
Output:
----------------------------------------------------------
Running main() from /Users/kab/Projects/Portfolio/cross_platform_signal/build-mesh/_deps/googletest-src/googletest/src/gtest_main.cc
Note: Google Test filter = Delaunay3D.PositiveVolumeAllTets
[==========] Running 1 test from 1 test suite.
[----------] Global test environment set-up.
[----------] 1 test from Delaunay3D
[ RUN      ] Delaunay3D.PositiveVolumeAllTets
[       OK ] Delaunay3D.PositiveVolumeAllTets (0 ms)
[----------] 1 test from Delaunay3D (0 ms total)

[----------] Global test environment tear-down
[==========] 1 test from 1 test suite ran. (0 ms total)
[  PASSED  ] 1 test.
<end of output>
Test time =   0.00 sec
----------------------------------------------------------
Test Passed.
"Delaunay3D.PositiveVolumeAllTets" end time: Jun 28 23:57 CEST
"Delaunay3D.PositiveVolumeAllTets" time elapsed: 00:00:00
----------------------------------------------------------

10/14 Testing: Delaunay3D.CircumspherePropertySmallSet
10/14 Test: Delaunay3D.CircumspherePropertySmallSet
Command: "/Users/kab/Projects/Portfolio/cross_platform_signal/build-mesh/test_mesh_engine" "--gtest_filter=Delaunay3D.CircumspherePropertySmallSet" "--gtest_also_run_disabled_tests"
Directory: /Users/kab/Projects/Portfolio/cross_platform_signal/build-mesh
"Delaunay3D.CircumspherePropertySmallSet" start time: Jun 28 23:57 CEST
Output:
----------------------------------------------------------
Running main() from /Users/kab/Projects/Portfolio/cross_platform_signal/build-mesh/_deps/googletest-src/googletest/src/gtest_main.cc
Note: Google Test filter = Delaunay3D.CircumspherePropertySmallSet
[==========] Running 1 test from 1 test suite.
[----------] Global test environment set-up.
[----------] 1 test from Delaunay3D
[ RUN      ] Delaunay3D.CircumspherePropertySmallSet
[       OK ] Delaunay3D.CircumspherePropertySmallSet (0 ms)
[----------] 1 test from Delaunay3D (0 ms total)

[----------] Global test environment tear-down
[==========] 1 test from 1 test suite ran. (0 ms total)
[  PASSED  ] 1 test.
<end of output>
Test time =   0.00 sec
----------------------------------------------------------
Test Passed.
"Delaunay3D.CircumspherePropertySmallSet" end time: Jun 28 23:57 CEST
"Delaunay3D.CircumspherePropertySmallSet" time elapsed: 00:00:00
----------------------------------------------------------

11/14 Testing: Delaunay3D.VtkFileWritten
11/14 Test: Delaunay3D.VtkFileWritten
Command: "/Users/kab/Projects/Portfolio/cross_platform_signal/build-mesh/test_mesh_engine" "--gtest_filter=Delaunay3D.VtkFileWritten" "--gtest_also_run_disabled_tests"
Directory: /Users/kab/Projects/Portfolio/cross_platform_signal/build-mesh
"Delaunay3D.VtkFileWritten" start time: Jun 28 23:57 CEST
Output:
----------------------------------------------------------
Running main() from /Users/kab/Projects/Portfolio/cross_platform_signal/build-mesh/_deps/googletest-src/googletest/src/gtest_main.cc
Note: Google Test filter = Delaunay3D.VtkFileWritten
[==========] Running 1 test from 1 test suite.
[----------] Global test environment set-up.
[----------] 1 test from Delaunay3D
[ RUN      ] Delaunay3D.VtkFileWritten
[       OK ] Delaunay3D.VtkFileWritten (0 ms)
[----------] 1 test from Delaunay3D (0 ms total)

[----------] Global test environment tear-down
[==========] 1 test from 1 test suite ran. (0 ms total)
[  PASSED  ] 1 test.
<end of output>
Test time =   0.00 sec
----------------------------------------------------------
Test Passed.
"Delaunay3D.VtkFileWritten" end time: Jun 28 23:57 CEST
"Delaunay3D.VtkFileWritten" time elapsed: 00:00:00
----------------------------------------------------------

12/14 Testing: MeshQuality.EquilateralTriangleAspectRatio
12/14 Test: MeshQuality.EquilateralTriangleAspectRatio
Command: "/Users/kab/Projects/Portfolio/cross_platform_signal/build-mesh/test_mesh_engine" "--gtest_filter=MeshQuality.EquilateralTriangleAspectRatio" "--gtest_also_run_disabled_tests"
Directory: /Users/kab/Projects/Portfolio/cross_platform_signal/build-mesh
"MeshQuality.EquilateralTriangleAspectRatio" start time: Jun 28 23:57 CEST
Output:
----------------------------------------------------------
Running main() from /Users/kab/Projects/Portfolio/cross_platform_signal/build-mesh/_deps/googletest-src/googletest/src/gtest_main.cc
Note: Google Test filter = MeshQuality.EquilateralTriangleAspectRatio
[==========] Running 1 test from 1 test suite.
[----------] Global test environment set-up.
[----------] 1 test from MeshQuality
[ RUN      ] MeshQuality.EquilateralTriangleAspectRatio
[       OK ] MeshQuality.EquilateralTriangleAspectRatio (0 ms)
[----------] 1 test from MeshQuality (0 ms total)

[----------] Global test environment tear-down
[==========] 1 test from 1 test suite ran. (0 ms total)
[  PASSED  ] 1 test.
<end of output>
Test time =   0.00 sec
----------------------------------------------------------
Test Passed.
"MeshQuality.EquilateralTriangleAspectRatio" end time: Jun 28 23:57 CEST
"MeshQuality.EquilateralTriangleAspectRatio" time elapsed: 00:00:00
----------------------------------------------------------

13/14 Testing: MeshQuality.CoplanarTetFlaggedInverted
13/14 Test: MeshQuality.CoplanarTetFlaggedInverted
Command: "/Users/kab/Projects/Portfolio/cross_platform_signal/build-mesh/test_mesh_engine" "--gtest_filter=MeshQuality.CoplanarTetFlaggedInverted" "--gtest_also_run_disabled_tests"
Directory: /Users/kab/Projects/Portfolio/cross_platform_signal/build-mesh
"MeshQuality.CoplanarTetFlaggedInverted" start time: Jun 28 23:57 CEST
Output:
----------------------------------------------------------
Running main() from /Users/kab/Projects/Portfolio/cross_platform_signal/build-mesh/_deps/googletest-src/googletest/src/gtest_main.cc
Note: Google Test filter = MeshQuality.CoplanarTetFlaggedInverted
[==========] Running 1 test from 1 test suite.
[----------] Global test environment set-up.
[----------] 1 test from MeshQuality
[ RUN      ] MeshQuality.CoplanarTetFlaggedInverted
[       OK ] MeshQuality.CoplanarTetFlaggedInverted (0 ms)
[----------] 1 test from MeshQuality (0 ms total)

[----------] Global test environment tear-down
[==========] 1 test from 1 test suite ran. (0 ms total)
[  PASSED  ] 1 test.
<end of output>
Test time =   0.00 sec
----------------------------------------------------------
Test Passed.
"MeshQuality.CoplanarTetFlaggedInverted" end time: Jun 28 23:57 CEST
"MeshQuality.CoplanarTetFlaggedInverted" time elapsed: 00:00:00
----------------------------------------------------------

14/14 Testing: LaplacianSmoother.SmoothingImprovesAspectRatio
14/14 Test: LaplacianSmoother.SmoothingImprovesAspectRatio
Command: "/Users/kab/Projects/Portfolio/cross_platform_signal/build-mesh/test_mesh_engine" "--gtest_filter=LaplacianSmoother.SmoothingImprovesAspectRatio" "--gtest_also_run_disabled_tests"
Directory: /Users/kab/Projects/Portfolio/cross_platform_signal/build-mesh
"LaplacianSmoother.SmoothingImprovesAspectRatio" start time: Jun 28 23:57 CEST
Output:
----------------------------------------------------------
Running main() from /Users/kab/Projects/Portfolio/cross_platform_signal/build-mesh/_deps/googletest-src/googletest/src/gtest_main.cc
Note: Google Test filter = LaplacianSmoother.SmoothingImprovesAspectRatio
[==========] Running 1 test from 1 test suite.
[----------] Global test environment set-up.
[----------] 1 test from LaplacianSmoother
[ RUN      ] LaplacianSmoother.SmoothingImprovesAspectRatio
[       OK ] LaplacianSmoother.SmoothingImprovesAspectRatio (0 ms)
[----------] 1 test from LaplacianSmoother (0 ms total)

[----------] Global test environment tear-down
[==========] 1 test from 1 test suite ran. (0 ms total)
[  PASSED  ] 1 test.
<end of output>
Test time =   0.00 sec
----------------------------------------------------------
Test Passed.
"LaplacianSmoother.SmoothingImprovesAspectRatio" end time: Jun 28 23:57 CEST
"LaplacianSmoother.SmoothingImprovesAspectRatio" time elapsed: 00:00:00
----------------------------------------------------------

End testing: Jun 28 23:57 CEST
