Start testing: Jun 03 09:01 CEST
----------------------------------------------------------
1/8 Testing: RK4Test.NoDragMatchesAnalyticRange
1/8 Test: RK4Test.NoDragMatchesAnalyticRange
Command: "/Users/kab/Projects/Portfolio/cross_platform_signal/build-ballistic/ballistic_tests" "--gtest_filter=RK4Test.NoDragMatchesAnalyticRange" "--gtest_also_run_disabled_tests"
Directory: /Users/kab/Projects/Portfolio/cross_platform_signal/build-ballistic
"RK4Test.NoDragMatchesAnalyticRange" start time: Jun 03 09:01 CEST
Output:
----------------------------------------------------------
Running main() from /Users/kab/Projects/Portfolio/cross_platform_signal/build-ballistic/_deps/googletest-src/googletest/src/gtest_main.cc
Note: Google Test filter = RK4Test.NoDragMatchesAnalyticRange
[==========] Running 1 test from 1 test suite.
[----------] Global test environment set-up.
[----------] 1 test from RK4Test
[ RUN      ] RK4Test.NoDragMatchesAnalyticRange
[       OK ] RK4Test.NoDragMatchesAnalyticRange (0 ms)
[----------] 1 test from RK4Test (0 ms total)

[----------] Global test environment tear-down
[==========] 1 test from 1 test suite ran. (0 ms total)
[  PASSED  ] 1 test.
<end of output>
Test time =   0.01 sec
----------------------------------------------------------
Test Passed.
"RK4Test.NoDragMatchesAnalyticRange" end time: Jun 03 09:01 CEST
"RK4Test.NoDragMatchesAnalyticRange" time elapsed: 00:00:00
----------------------------------------------------------

2/8 Testing: RK4Test.MaxAltitudeMatchesAnalytic
2/8 Test: RK4Test.MaxAltitudeMatchesAnalytic
Command: "/Users/kab/Projects/Portfolio/cross_platform_signal/build-ballistic/ballistic_tests" "--gtest_filter=RK4Test.MaxAltitudeMatchesAnalytic" "--gtest_also_run_disabled_tests"
Directory: /Users/kab/Projects/Portfolio/cross_platform_signal/build-ballistic
"RK4Test.MaxAltitudeMatchesAnalytic" start time: Jun 03 09:01 CEST
Output:
----------------------------------------------------------
Running main() from /Users/kab/Projects/Portfolio/cross_platform_signal/build-ballistic/_deps/googletest-src/googletest/src/gtest_main.cc
Note: Google Test filter = RK4Test.MaxAltitudeMatchesAnalytic
[==========] Running 1 test from 1 test suite.
[----------] Global test environment set-up.
[----------] 1 test from RK4Test
[ RUN      ] RK4Test.MaxAltitudeMatchesAnalytic
[       OK ] RK4Test.MaxAltitudeMatchesAnalytic (0 ms)
[----------] 1 test from RK4Test (0 ms total)

[----------] Global test environment tear-down
[==========] 1 test from 1 test suite ran. (0 ms total)
[  PASSED  ] 1 test.
<end of output>
Test time =   0.00 sec
----------------------------------------------------------
Test Passed.
"RK4Test.MaxAltitudeMatchesAnalytic" end time: Jun 03 09:01 CEST
"RK4Test.MaxAltitudeMatchesAnalytic" time elapsed: 00:00:00
----------------------------------------------------------

3/8 Testing: EngineTest.NulloptOnZeroElevation
3/8 Test: EngineTest.NulloptOnZeroElevation
Command: "/Users/kab/Projects/Portfolio/cross_platform_signal/build-ballistic/ballistic_tests" "--gtest_filter=EngineTest.NulloptOnZeroElevation" "--gtest_also_run_disabled_tests"
Directory: /Users/kab/Projects/Portfolio/cross_platform_signal/build-ballistic
"EngineTest.NulloptOnZeroElevation" start time: Jun 03 09:01 CEST
Output:
----------------------------------------------------------
Running main() from /Users/kab/Projects/Portfolio/cross_platform_signal/build-ballistic/_deps/googletest-src/googletest/src/gtest_main.cc
Note: Google Test filter = EngineTest.NulloptOnZeroElevation
[==========] Running 1 test from 1 test suite.
[----------] Global test environment set-up.
[----------] 1 test from EngineTest
[ RUN      ] EngineTest.NulloptOnZeroElevation
[       OK ] EngineTest.NulloptOnZeroElevation (0 ms)
[----------] 1 test from EngineTest (0 ms total)

[----------] Global test environment tear-down
[==========] 1 test from 1 test suite ran. (0 ms total)
[  PASSED  ] 1 test.
<end of output>
Test time =   0.00 sec
----------------------------------------------------------
Test Passed.
"EngineTest.NulloptOnZeroElevation" end time: Jun 03 09:01 CEST
"EngineTest.NulloptOnZeroElevation" time elapsed: 00:00:00
----------------------------------------------------------

4/8 Testing: EngineTest.NulloptOnNegativeVelocity
4/8 Test: EngineTest.NulloptOnNegativeVelocity
Command: "/Users/kab/Projects/Portfolio/cross_platform_signal/build-ballistic/ballistic_tests" "--gtest_filter=EngineTest.NulloptOnNegativeVelocity" "--gtest_also_run_disabled_tests"
Directory: /Users/kab/Projects/Portfolio/cross_platform_signal/build-ballistic
"EngineTest.NulloptOnNegativeVelocity" start time: Jun 03 09:01 CEST
Output:
----------------------------------------------------------
Running main() from /Users/kab/Projects/Portfolio/cross_platform_signal/build-ballistic/_deps/googletest-src/googletest/src/gtest_main.cc
Note: Google Test filter = EngineTest.NulloptOnNegativeVelocity
[==========] Running 1 test from 1 test suite.
[----------] Global test environment set-up.
[----------] 1 test from EngineTest
[ RUN      ] EngineTest.NulloptOnNegativeVelocity
[       OK ] EngineTest.NulloptOnNegativeVelocity (0 ms)
[----------] 1 test from EngineTest (0 ms total)

[----------] Global test environment tear-down
[==========] 1 test from 1 test suite ran. (0 ms total)
[  PASSED  ] 1 test.
<end of output>
Test time =   0.00 sec
----------------------------------------------------------
Test Passed.
"EngineTest.NulloptOnNegativeVelocity" end time: Jun 03 09:01 CEST
"EngineTest.NulloptOnNegativeVelocity" time elapsed: 00:00:00
----------------------------------------------------------

5/8 Testing: EngineTest.NulloptOnElevation90deg
5/8 Test: EngineTest.NulloptOnElevation90deg
Command: "/Users/kab/Projects/Portfolio/cross_platform_signal/build-ballistic/ballistic_tests" "--gtest_filter=EngineTest.NulloptOnElevation90deg" "--gtest_also_run_disabled_tests"
Directory: /Users/kab/Projects/Portfolio/cross_platform_signal/build-ballistic
"EngineTest.NulloptOnElevation90deg" start time: Jun 03 09:01 CEST
Output:
----------------------------------------------------------
Running main() from /Users/kab/Projects/Portfolio/cross_platform_signal/build-ballistic/_deps/googletest-src/googletest/src/gtest_main.cc
Note: Google Test filter = EngineTest.NulloptOnElevation90deg
[==========] Running 1 test from 1 test suite.
[----------] Global test environment set-up.
[----------] 1 test from EngineTest
[ RUN      ] EngineTest.NulloptOnElevation90deg
[       OK ] EngineTest.NulloptOnElevation90deg (0 ms)
[----------] 1 test from EngineTest (0 ms total)

[----------] Global test environment tear-down
[==========] 1 test from 1 test suite ran. (0 ms total)
[  PASSED  ] 1 test.
<end of output>
Test time =   0.00 sec
----------------------------------------------------------
Test Passed.
"EngineTest.NulloptOnElevation90deg" end time: Jun 03 09:01 CEST
"EngineTest.NulloptOnElevation90deg" time elapsed: 00:00:00
----------------------------------------------------------

6/8 Testing: EngineTest.Artillery155ReturnsNonEmptyVector
6/8 Test: EngineTest.Artillery155ReturnsNonEmptyVector
Command: "/Users/kab/Projects/Portfolio/cross_platform_signal/build-ballistic/ballistic_tests" "--gtest_filter=EngineTest.Artillery155ReturnsNonEmptyVector" "--gtest_also_run_disabled_tests"
Directory: /Users/kab/Projects/Portfolio/cross_platform_signal/build-ballistic
"EngineTest.Artillery155ReturnsNonEmptyVector" start time: Jun 03 09:01 CEST
Output:
----------------------------------------------------------
Running main() from /Users/kab/Projects/Portfolio/cross_platform_signal/build-ballistic/_deps/googletest-src/googletest/src/gtest_main.cc
Note: Google Test filter = EngineTest.Artillery155ReturnsNonEmptyVector
[==========] Running 1 test from 1 test suite.
[----------] Global test environment set-up.
[----------] 1 test from EngineTest
[ RUN      ] EngineTest.Artillery155ReturnsNonEmptyVector
[       OK ] EngineTest.Artillery155ReturnsNonEmptyVector (0 ms)
[----------] 1 test from EngineTest (0 ms total)

[----------] Global test environment tear-down
[==========] 1 test from 1 test suite ran. (0 ms total)
[  PASSED  ] 1 test.
<end of output>
Test time =   0.00 sec
----------------------------------------------------------
Test Passed.
"EngineTest.Artillery155ReturnsNonEmptyVector" end time: Jun 03 09:01 CEST
"EngineTest.Artillery155ReturnsNonEmptyVector" time elapsed: 00:00:00
----------------------------------------------------------

7/8 Testing: EngineTest.DragReducesRangeVsNoDrag
7/8 Test: EngineTest.DragReducesRangeVsNoDrag
Command: "/Users/kab/Projects/Portfolio/cross_platform_signal/build-ballistic/ballistic_tests" "--gtest_filter=EngineTest.DragReducesRangeVsNoDrag" "--gtest_also_run_disabled_tests"
Directory: /Users/kab/Projects/Portfolio/cross_platform_signal/build-ballistic
"EngineTest.DragReducesRangeVsNoDrag" start time: Jun 03 09:01 CEST
Output:
----------------------------------------------------------
Running main() from /Users/kab/Projects/Portfolio/cross_platform_signal/build-ballistic/_deps/googletest-src/googletest/src/gtest_main.cc
Note: Google Test filter = EngineTest.DragReducesRangeVsNoDrag
[==========] Running 1 test from 1 test suite.
[----------] Global test environment set-up.
[----------] 1 test from EngineTest
[ RUN      ] EngineTest.DragReducesRangeVsNoDrag
[       OK ] EngineTest.DragReducesRangeVsNoDrag (0 ms)
[----------] 1 test from EngineTest (0 ms total)

[----------] Global test environment tear-down
[==========] 1 test from 1 test suite ran. (0 ms total)
[  PASSED  ] 1 test.
<end of output>
Test time =   0.00 sec
----------------------------------------------------------
Test Passed.
"EngineTest.DragReducesRangeVsNoDrag" end time: Jun 03 09:01 CEST
"EngineTest.DragReducesRangeVsNoDrag" time elapsed: 00:00:00
----------------------------------------------------------

8/8 Testing: EngineTest.APFSDS120FlatterThanMortar81
8/8 Test: EngineTest.APFSDS120FlatterThanMortar81
Command: "/Users/kab/Projects/Portfolio/cross_platform_signal/build-ballistic/ballistic_tests" "--gtest_filter=EngineTest.APFSDS120FlatterThanMortar81" "--gtest_also_run_disabled_tests"
Directory: /Users/kab/Projects/Portfolio/cross_platform_signal/build-ballistic
"EngineTest.APFSDS120FlatterThanMortar81" start time: Jun 03 09:01 CEST
Output:
----------------------------------------------------------
Running main() from /Users/kab/Projects/Portfolio/cross_platform_signal/build-ballistic/_deps/googletest-src/googletest/src/gtest_main.cc
Note: Google Test filter = EngineTest.APFSDS120FlatterThanMortar81
[==========] Running 1 test from 1 test suite.
[----------] Global test environment set-up.
[----------] 1 test from EngineTest
[ RUN      ] EngineTest.APFSDS120FlatterThanMortar81
[       OK ] EngineTest.APFSDS120FlatterThanMortar81 (0 ms)
[----------] 1 test from EngineTest (0 ms total)

[----------] Global test environment tear-down
[==========] 1 test from 1 test suite ran. (0 ms total)
[  PASSED  ] 1 test.
<end of output>
Test time =   0.00 sec
----------------------------------------------------------
Test Passed.
"EngineTest.APFSDS120FlatterThanMortar81" end time: Jun 03 09:01 CEST
"EngineTest.APFSDS120FlatterThanMortar81" time elapsed: 00:00:00
----------------------------------------------------------

End testing: Jun 03 09:01 CEST
