Start testing: Jun 21 23:15 CEST
----------------------------------------------------------
1/10 Testing: Simulator.DipoleAnomalyPeakAboveNoiseFloor
1/10 Test: Simulator.DipoleAnomalyPeakAboveNoiseFloor
Command: "/Users/kab/Projects/Portfolio/cross_platform_signal/build-sensys/test_survey_processor" "--gtest_filter=Simulator.DipoleAnomalyPeakAboveNoiseFloor" "--gtest_also_run_disabled_tests"
Directory: /Users/kab/Projects/Portfolio/cross_platform_signal/build-sensys
"Simulator.DipoleAnomalyPeakAboveNoiseFloor" start time: Jun 21 23:15 CEST
Output:
----------------------------------------------------------
Running main() from /Users/kab/Projects/Portfolio/cross_platform_signal/build-sensys/_deps/googletest-src/googletest/src/gtest_main.cc
Note: Google Test filter = Simulator.DipoleAnomalyPeakAboveNoiseFloor
[==========] Running 1 test from 1 test suite.
[----------] Global test environment set-up.
[----------] 1 test from Simulator
[ RUN      ] Simulator.DipoleAnomalyPeakAboveNoiseFloor
[       OK ] Simulator.DipoleAnomalyPeakAboveNoiseFloor (0 ms)
[----------] 1 test from Simulator (0 ms total)

[----------] Global test environment tear-down
[==========] 1 test from 1 test suite ran. (0 ms total)
[  PASSED  ] 1 test.
<end of output>
Test time =   0.00 sec
----------------------------------------------------------
Test Passed.
"Simulator.DipoleAnomalyPeakAboveNoiseFloor" end time: Jun 21 23:15 CEST
"Simulator.DipoleAnomalyPeakAboveNoiseFloor" time elapsed: 00:00:00
----------------------------------------------------------

2/10 Testing: Simulator.ZigZagCoversAllGridCells
2/10 Test: Simulator.ZigZagCoversAllGridCells
Command: "/Users/kab/Projects/Portfolio/cross_platform_signal/build-sensys/test_survey_processor" "--gtest_filter=Simulator.ZigZagCoversAllGridCells" "--gtest_also_run_disabled_tests"
Directory: /Users/kab/Projects/Portfolio/cross_platform_signal/build-sensys
"Simulator.ZigZagCoversAllGridCells" start time: Jun 21 23:15 CEST
Output:
----------------------------------------------------------
Running main() from /Users/kab/Projects/Portfolio/cross_platform_signal/build-sensys/_deps/googletest-src/googletest/src/gtest_main.cc
Note: Google Test filter = Simulator.ZigZagCoversAllGridCells
[==========] Running 1 test from 1 test suite.
[----------] Global test environment set-up.
[----------] 1 test from Simulator
[ RUN      ] Simulator.ZigZagCoversAllGridCells
[       OK ] Simulator.ZigZagCoversAllGridCells (0 ms)
[----------] 1 test from Simulator (0 ms total)

[----------] Global test environment tear-down
[==========] 1 test from 1 test suite ran. (0 ms total)
[  PASSED  ] 1 test.
<end of output>
Test time =   0.00 sec
----------------------------------------------------------
Test Passed.
"Simulator.ZigZagCoversAllGridCells" end time: Jun 21 23:15 CEST
"Simulator.ZigZagCoversAllGridCells" time elapsed: 00:00:00
----------------------------------------------------------

3/10 Testing: Simulator.DeterministicReplay
3/10 Test: Simulator.DeterministicReplay
Command: "/Users/kab/Projects/Portfolio/cross_platform_signal/build-sensys/test_survey_processor" "--gtest_filter=Simulator.DeterministicReplay" "--gtest_also_run_disabled_tests"
Directory: /Users/kab/Projects/Portfolio/cross_platform_signal/build-sensys
"Simulator.DeterministicReplay" start time: Jun 21 23:15 CEST
Output:
----------------------------------------------------------
Running main() from /Users/kab/Projects/Portfolio/cross_platform_signal/build-sensys/_deps/googletest-src/googletest/src/gtest_main.cc
Note: Google Test filter = Simulator.DeterministicReplay
[==========] Running 1 test from 1 test suite.
[----------] Global test environment set-up.
[----------] 1 test from Simulator
[ RUN      ] Simulator.DeterministicReplay
[       OK ] Simulator.DeterministicReplay (0 ms)
[----------] 1 test from Simulator (0 ms total)

[----------] Global test environment tear-down
[==========] 1 test from 1 test suite ran. (0 ms total)
[  PASSED  ] 1 test.
<end of output>
Test time =   0.00 sec
----------------------------------------------------------
Test Passed.
"Simulator.DeterministicReplay" end time: Jun 21 23:15 CEST
"Simulator.DeterministicReplay" time elapsed: 00:00:00
----------------------------------------------------------

4/10 Testing: SignalProcessing.GaussianSmootherSpreadsSingleSpike
4/10 Test: SignalProcessing.GaussianSmootherSpreadsSingleSpike
Command: "/Users/kab/Projects/Portfolio/cross_platform_signal/build-sensys/test_survey_processor" "--gtest_filter=SignalProcessing.GaussianSmootherSpreadsSingleSpike" "--gtest_also_run_disabled_tests"
Directory: /Users/kab/Projects/Portfolio/cross_platform_signal/build-sensys
"SignalProcessing.GaussianSmootherSpreadsSingleSpike" start time: Jun 21 23:15 CEST
Output:
----------------------------------------------------------
Running main() from /Users/kab/Projects/Portfolio/cross_platform_signal/build-sensys/_deps/googletest-src/googletest/src/gtest_main.cc
Note: Google Test filter = SignalProcessing.GaussianSmootherSpreadsSingleSpike
[==========] Running 1 test from 1 test suite.
[----------] Global test environment set-up.
[----------] 1 test from SignalProcessing
[ RUN      ] SignalProcessing.GaussianSmootherSpreadsSingleSpike
[       OK ] SignalProcessing.GaussianSmootherSpreadsSingleSpike (0 ms)
[----------] 1 test from SignalProcessing (0 ms total)

[----------] Global test environment tear-down
[==========] 1 test from 1 test suite ran. (0 ms total)
[  PASSED  ] 1 test.
<end of output>
Test time =   0.00 sec
----------------------------------------------------------
Test Passed.
"SignalProcessing.GaussianSmootherSpreadsSingleSpike" end time: Jun 21 23:15 CEST
"SignalProcessing.GaussianSmootherSpreadsSingleSpike" time elapsed: 00:00:00
----------------------------------------------------------

5/10 Testing: SignalProcessing.BaselineSubtractorZerosRowMeans
5/10 Test: SignalProcessing.BaselineSubtractorZerosRowMeans
Command: "/Users/kab/Projects/Portfolio/cross_platform_signal/build-sensys/test_survey_processor" "--gtest_filter=SignalProcessing.BaselineSubtractorZerosRowMeans" "--gtest_also_run_disabled_tests"
Directory: /Users/kab/Projects/Portfolio/cross_platform_signal/build-sensys
"SignalProcessing.BaselineSubtractorZerosRowMeans" start time: Jun 21 23:15 CEST
Output:
----------------------------------------------------------
Running main() from /Users/kab/Projects/Portfolio/cross_platform_signal/build-sensys/_deps/googletest-src/googletest/src/gtest_main.cc
Note: Google Test filter = SignalProcessing.BaselineSubtractorZerosRowMeans
[==========] Running 1 test from 1 test suite.
[----------] Global test environment set-up.
[----------] 1 test from SignalProcessing
[ RUN      ] SignalProcessing.BaselineSubtractorZerosRowMeans
[       OK ] SignalProcessing.BaselineSubtractorZerosRowMeans (0 ms)
[----------] 1 test from SignalProcessing (0 ms total)

[----------] Global test environment tear-down
[==========] 1 test from 1 test suite ran. (0 ms total)
[  PASSED  ] 1 test.
<end of output>
Test time =   0.00 sec
----------------------------------------------------------
Test Passed.
"SignalProcessing.BaselineSubtractorZerosRowMeans" end time: Jun 21 23:15 CEST
"SignalProcessing.BaselineSubtractorZerosRowMeans" time elapsed: 00:00:00
----------------------------------------------------------

6/10 Testing: SignalProcessing.RmsMatchesManualFormula
6/10 Test: SignalProcessing.RmsMatchesManualFormula
Command: "/Users/kab/Projects/Portfolio/cross_platform_signal/build-sensys/test_survey_processor" "--gtest_filter=SignalProcessing.RmsMatchesManualFormula" "--gtest_also_run_disabled_tests"
Directory: /Users/kab/Projects/Portfolio/cross_platform_signal/build-sensys
"SignalProcessing.RmsMatchesManualFormula" start time: Jun 21 23:15 CEST
Output:
----------------------------------------------------------
Running main() from /Users/kab/Projects/Portfolio/cross_platform_signal/build-sensys/_deps/googletest-src/googletest/src/gtest_main.cc
Note: Google Test filter = SignalProcessing.RmsMatchesManualFormula
[==========] Running 1 test from 1 test suite.
[----------] Global test environment set-up.
[----------] 1 test from SignalProcessing
[ RUN      ] SignalProcessing.RmsMatchesManualFormula
[       OK ] SignalProcessing.RmsMatchesManualFormula (0 ms)
[----------] 1 test from SignalProcessing (0 ms total)

[----------] Global test environment tear-down
[==========] 1 test from 1 test suite ran. (0 ms total)
[  PASSED  ] 1 test.
<end of output>
Test time =   0.00 sec
----------------------------------------------------------
Test Passed.
"SignalProcessing.RmsMatchesManualFormula" end time: Jun 21 23:15 CEST
"SignalProcessing.RmsMatchesManualFormula" time elapsed: 00:00:00
----------------------------------------------------------

7/10 Testing: SignalProcessing.AnomalyDetectorFindsInjectedPeak
7/10 Test: SignalProcessing.AnomalyDetectorFindsInjectedPeak
Command: "/Users/kab/Projects/Portfolio/cross_platform_signal/build-sensys/test_survey_processor" "--gtest_filter=SignalProcessing.AnomalyDetectorFindsInjectedPeak" "--gtest_also_run_disabled_tests"
Directory: /Users/kab/Projects/Portfolio/cross_platform_signal/build-sensys
"SignalProcessing.AnomalyDetectorFindsInjectedPeak" start time: Jun 21 23:15 CEST
Output:
----------------------------------------------------------
Running main() from /Users/kab/Projects/Portfolio/cross_platform_signal/build-sensys/_deps/googletest-src/googletest/src/gtest_main.cc
Note: Google Test filter = SignalProcessing.AnomalyDetectorFindsInjectedPeak
[==========] Running 1 test from 1 test suite.
[----------] Global test environment set-up.
[----------] 1 test from SignalProcessing
[ RUN      ] SignalProcessing.AnomalyDetectorFindsInjectedPeak
[       OK ] SignalProcessing.AnomalyDetectorFindsInjectedPeak (0 ms)
[----------] 1 test from SignalProcessing (0 ms total)

[----------] Global test environment tear-down
[==========] 1 test from 1 test suite ran. (0 ms total)
[  PASSED  ] 1 test.
<end of output>
Test time =   0.00 sec
----------------------------------------------------------
Test Passed.
"SignalProcessing.AnomalyDetectorFindsInjectedPeak" end time: Jun 21 23:15 CEST
"SignalProcessing.AnomalyDetectorFindsInjectedPeak" time elapsed: 00:00:00
----------------------------------------------------------

8/10 Testing: SignalProcessing.NonMaxSuppressionRetainsOnlyHigherPeak
8/10 Test: SignalProcessing.NonMaxSuppressionRetainsOnlyHigherPeak
Command: "/Users/kab/Projects/Portfolio/cross_platform_signal/build-sensys/test_survey_processor" "--gtest_filter=SignalProcessing.NonMaxSuppressionRetainsOnlyHigherPeak" "--gtest_also_run_disabled_tests"
Directory: /Users/kab/Projects/Portfolio/cross_platform_signal/build-sensys
"SignalProcessing.NonMaxSuppressionRetainsOnlyHigherPeak" start time: Jun 21 23:15 CEST
Output:
----------------------------------------------------------
Running main() from /Users/kab/Projects/Portfolio/cross_platform_signal/build-sensys/_deps/googletest-src/googletest/src/gtest_main.cc
Note: Google Test filter = SignalProcessing.NonMaxSuppressionRetainsOnlyHigherPeak
[==========] Running 1 test from 1 test suite.
[----------] Global test environment set-up.
[----------] 1 test from SignalProcessing
[ RUN      ] SignalProcessing.NonMaxSuppressionRetainsOnlyHigherPeak
[       OK ] SignalProcessing.NonMaxSuppressionRetainsOnlyHigherPeak (0 ms)
[----------] 1 test from SignalProcessing (0 ms total)

[----------] Global test environment tear-down
[==========] 1 test from 1 test suite ran. (0 ms total)
[  PASSED  ] 1 test.
<end of output>
Test time =   0.00 sec
----------------------------------------------------------
Test Passed.
"SignalProcessing.NonMaxSuppressionRetainsOnlyHigherPeak" end time: Jun 21 23:15 CEST
"SignalProcessing.NonMaxSuppressionRetainsOnlyHigherPeak" time elapsed: 00:00:00
----------------------------------------------------------

9/10 Testing: Exporter.CsvContainsMandatoryColumns
9/10 Test: Exporter.CsvContainsMandatoryColumns
Command: "/Users/kab/Projects/Portfolio/cross_platform_signal/build-sensys/test_survey_processor" "--gtest_filter=Exporter.CsvContainsMandatoryColumns" "--gtest_also_run_disabled_tests"
Directory: /Users/kab/Projects/Portfolio/cross_platform_signal/build-sensys
"Exporter.CsvContainsMandatoryColumns" start time: Jun 21 23:15 CEST
Output:
----------------------------------------------------------
Running main() from /Users/kab/Projects/Portfolio/cross_platform_signal/build-sensys/_deps/googletest-src/googletest/src/gtest_main.cc
Note: Google Test filter = Exporter.CsvContainsMandatoryColumns
[==========] Running 1 test from 1 test suite.
[----------] Global test environment set-up.
[----------] 1 test from Exporter
[ RUN      ] Exporter.CsvContainsMandatoryColumns
[       OK ] Exporter.CsvContainsMandatoryColumns (0 ms)
[----------] 1 test from Exporter (0 ms total)

[----------] Global test environment tear-down
[==========] 1 test from 1 test suite ran. (0 ms total)
[  PASSED  ] 1 test.
<end of output>
Test time =   0.00 sec
----------------------------------------------------------
Test Passed.
"Exporter.CsvContainsMandatoryColumns" end time: Jun 21 23:15 CEST
"Exporter.CsvContainsMandatoryColumns" time elapsed: 00:00:00
----------------------------------------------------------

10/10 Testing: Exporter.GeoJsonHasFeaturesArray
10/10 Test: Exporter.GeoJsonHasFeaturesArray
Command: "/Users/kab/Projects/Portfolio/cross_platform_signal/build-sensys/test_survey_processor" "--gtest_filter=Exporter.GeoJsonHasFeaturesArray" "--gtest_also_run_disabled_tests"
Directory: /Users/kab/Projects/Portfolio/cross_platform_signal/build-sensys
"Exporter.GeoJsonHasFeaturesArray" start time: Jun 21 23:15 CEST
Output:
----------------------------------------------------------
Running main() from /Users/kab/Projects/Portfolio/cross_platform_signal/build-sensys/_deps/googletest-src/googletest/src/gtest_main.cc
Note: Google Test filter = Exporter.GeoJsonHasFeaturesArray
[==========] Running 1 test from 1 test suite.
[----------] Global test environment set-up.
[----------] 1 test from Exporter
[ RUN      ] Exporter.GeoJsonHasFeaturesArray
[       OK ] Exporter.GeoJsonHasFeaturesArray (0 ms)
[----------] 1 test from Exporter (0 ms total)

[----------] Global test environment tear-down
[==========] 1 test from 1 test suite ran. (0 ms total)
[  PASSED  ] 1 test.
<end of output>
Test time =   0.00 sec
----------------------------------------------------------
Test Passed.
"Exporter.GeoJsonHasFeaturesArray" end time: Jun 21 23:15 CEST
"Exporter.GeoJsonHasFeaturesArray" time elapsed: 00:00:00
----------------------------------------------------------

End testing: Jun 21 23:15 CEST
